[debug] [2025-05-29T16:07:30.854Z] ----------------------------------------------------------------------
[debug] [2025-05-29T16:07:30.856Z] Command:       C:\Program Files\nodejs\node.exe C:\Users\Gebruiker\AppData\Roaming\npm\node_modules\firebase-tools\lib\bin\firebase.js init
[debug] [2025-05-29T16:07:30.857Z] CLI Version:   14.4.0
[debug] [2025-05-29T16:07:30.857Z] Platform:      win32
[debug] [2025-05-29T16:07:30.857Z] Node Version:  v22.14.0
[debug] [2025-05-29T16:07:30.857Z] Time:          Thu May 29 2025 18:07:30 GMT+0200 (Central European Summer Time)
[debug] [2025-05-29T16:07:30.857Z] ----------------------------------------------------------------------
[debug] 
[debug] [2025-05-29T16:07:30.863Z] > command requires scopes: ["email","openid","https://www.googleapis.com/auth/cloudplatformprojects.readonly","https://www.googleapis.com/auth/firebase","https://www.googleapis.com/auth/cloud-platform"]
[debug] [2025-05-29T16:07:30.863Z] > authorizing via signed-in user (benvdweg@gmail.com)
[info] 
     ######## #### ########  ######## ########     ###     ######  ########
     ##        ##  ##     ## ##       ##     ##  ##   ##  ##       ##
     ######    ##  ########  ######   ########  #########  ######  ######
     ##        ##  ##    ##  ##       ##     ## ##     ##       ## ##
     ##       #### ##     ## ######## ########  ##     ##  ######  ########

You're about to initialize a Firebase project in this directory:

  C:\Users\Gebruiker\Documents\GitHub\gratis-bier-bij-rilana

[debug] [2025-05-29T16:08:24.394Z] ExitPromptError: User force closed the prompt with SIGINT
    at Interface.sigint (C:\Users\Gebruiker\AppData\Roaming\npm\node_modules\firebase-tools\node_modules\@inquirer\core\dist\commonjs\lib\create-prompt.js:101:37)
    at Interface.emit (node:events:518:28)
    at Interface.emit (node:domain:489:12)
    at [_ttyWrite] [as _ttyWrite] (node:internal/readline/interface:1124:18)
    at ReadStream.onkeypress (node:internal/readline/interface:263:20)
    at ReadStream.emit (node:events:530:35)
    at ReadStream.emit (node:domain:489:12)
    at emitKeys (node:internal/readline/utils:370:14)
    at emitKeys.next (<anonymous>)
    at ReadStream.onData (node:internal/readline/emitKeypressEvents:64:36)
[error] 
[error] Error: An unexpected error has occurred.
